# JRE version: OpenJDK Runtime Environment Microsoft-7208460 (11.0.18+10) (build 11.0.18+10-LTS)
# Java VM: OpenJDK 64-Bit Server VM Microsoft-7208460 (11.0.18+10-LTS, mixed mode, tiered, compressed oops, g1 gc, windows-amd64)
Heap:
 garbage-first heap   total 262144K, used 115661K [0x0000000080000000, 0x0000000100000000)
  region size 1024K, 94 young (96256K), 6 survivors (6144K)
 Metaspace       used 41702K, capacity 42815K, committed 42832K, reserved 555008K
  class space    used 5211K, capacity 5625K, committed 5632K, reserved 516096K
GC Heap History (12 events):
Event: 39.954 GC heap before
{Heap before GC invocations=0 (full 0):
 garbage-first heap   total 262144K, used 27648K [0x0000000080000000, 0x0000000100000000)
  region size 1024K, 24 young (24576K), 0 survivors (0K)
 Metaspace       used 10107K, capacity 10330K, committed 10624K, reserved 526336K
  class space    used 1022K, capacity 1107K, committed 1152K, reserved 516096K
}
Event: 40.085 GC heap after
{Heap after GC invocations=1 (full 0):
 garbage-first heap   total 262144K, used 10566K [0x0000000080000000, 0x0000000100000000)
  region size 1024K, 3 young (3072K), 3 survivors (3072K)
 Metaspace       used 10107K, capacity 10330K, committed 10624K, reserved 526336K
  class space    used 1022K, capacity 1107K, committed 1152K, reserved 516096K
}
Event: 142.833 GC heap before
{Heap before GC invocations=1 (full 0):
 garbage-first heap   total 262144K, used 104774K [0x0000000080000000, 0x0000000100000000)
  region size 1024K, 95 young (97280K), 3 survivors (3072K)
 Metaspace       used 20726K, capacity 21143K, committed 21296K, reserved 536576K
  class space    used 2459K, capacity 2610K, committed 2688K, reserved 516096K
}
Event: 143.398 GC heap after
{Heap after GC invocations=2 (full 0):
 garbage-first heap   total 262144K, used 18138K [0x0000000080000000, 0x0000000100000000)
  region size 1024K, 11 young (11264K), 11 survivors (11264K)
 Metaspace       used 20726K, capacity 21143K, committed 21296K, reserved 536576K
  class space    used 2459K, capacity 2610K, committed 2688K, reserved 516096K
}
Event: 144.842 GC heap before
{Heap before GC invocations=3 (full 0):
 garbage-first heap   total 262144K, used 19162K [0x0000000080000000, 0x0000000100000000)
  region size 1024K, 12 young (12288K), 11 survivors (11264K)
 Metaspace       used 20874K, capacity 21328K, committed 21552K, reserved 536576K
  class space    used 2486K, capacity 2652K, committed 2688K, reserved 516096K
}
Event: 144.852 GC heap after
{Heap after GC invocations=4 (full 0):
 garbage-first heap   total 262144K, used 18308K [0x0000000080000000, 0x0000000100000000)
  region size 1024K, 1 young (1024K), 1 survivors (1024K)
 Metaspace       used 20874K, capacity 21328K, committed 21552K, reserved 536576K
  class space    used 2486K, capacity 2652K, committed 2688K, reserved 516096K
}
Event: 175.637 GC heap before
{Heap before GC invocations=4 (full 0):
 garbage-first heap   total 262144K, used 28548K [0x0000000080000000, 0x0000000100000000)
  region size 1024K, 12 young (12288K), 1 survivors (1024K)
 Metaspace       used 22068K, capacity 22578K, committed 22832K, reserved 536576K
  class space    used 2654K, capacity 2855K, committed 2944K, reserved 516096K
}
Event: 175.639 GC heap after
{Heap after GC invocations=5 (full 0):
 garbage-first heap   total 262144K, used 18301K [0x0000000080000000, 0x0000000100000000)
  region size 1024K, 1 young (1024K), 1 survivors (1024K)
 Metaspace       used 22068K, capacity 22578K, committed 22832K, reserved 536576K
  class space    used 2654K, capacity 2855K, committed 2944K, reserved 516096K
}
Event: 198.224 GC heap before
{Heap before GC invocations=5 (full 0):
 garbage-first heap   total 262144K, used 64381K [0x0000000080000000, 0x0000000100000000)
  region size 1024K, 46 young (47104K), 1 survivors (1024K)
 Metaspace       used 25967K, capacity 26508K, committed 26800K, reserved 540672K
  class space    used 3287K, capacity 3487K, committed 3584K, reserved 516096K
}
Event: 198.225 GC heap after
{Heap after GC invocations=6 (full 0):
 garbage-first heap   total 262144K, used 20092K [0x0000000080000000, 0x0000000100000000)
  region size 1024K, 3 young (3072K), 3 survivors (3072K)
 Metaspace       used 25967K, capacity 26508K, committed 26800K, reserved 540672K
  class space    used 3287K, capacity 3487K, committed 3584K, reserved 516096K
}
Event: 220.547 GC heap before
{Heap before GC invocations=6 (full 0):
 garbage-first heap   total 262144K, used 92796K [0x0000000080000000, 0x0000000100000000)
  region size 1024K, 75 young (76800K), 3 survivors (3072K)
 Metaspace       used 34982K, capacity 35796K, committed 35920K, reserved 548864K
  class space    used 4443K, capacity 4781K, committed 4864K, reserved 516096K
}
Event: 220.579 GC heap after
{Heap after GC invocations=7 (full 0):
 garbage-first heap   total 262144K, used 23501K [0x0000000080000000, 0x0000000100000000)
  region size 1024K, 6 young (6144K), 6 survivors (6144K)
 Metaspace       used 34982K, capacity 35796K, committed 35920K, reserved 548864K
  class space    used 4443K, capacity 4781K, committed 4864K, reserved 516096K
}

