# JRE version: OpenJDK Runtime Environment Microsoft-7208460 (11.0.18+10) (build 11.0.18+10-LTS)
# Java VM: OpenJDK 64-Bit Server VM Microsoft-7208460 (11.0.18+10-LTS, mixed mode, tiered, compressed oops, g1 gc, windows-amd64)
Heap:
 garbage-first heap   total 262144K, used 113630K [0x0000000080000000, 0x0000000100000000)
  region size 1024K, 93 young (95232K), 6 survivors (6144K)
 Metaspace       used 41760K, capacity 42879K, committed 43088K, reserved 555008K
  class space    used 5214K, capacity 5625K, committed 5632K, reserved 516096K
GC Heap History (12 events):
Event: 39.983 GC heap before
{Heap before GC invocations=0 (full 0):
 garbage-first heap   total 262144K, used 27648K [0x0000000080000000, 0x0000000100000000)
  region size 1024K, 24 young (24576K), 0 survivors (0K)
 Metaspace       used 10159K, capacity 10330K, committed 10624K, reserved 526336K
  class space    used 1027K, capacity 1107K, committed 1152K, reserved 516096K
}
Event: 40.084 GC heap after
{Heap after GC invocations=1 (full 0):
 garbage-first heap   total 262144K, used 10576K [0x0000000080000000, 0x0000000100000000)
  region size 1024K, 3 young (3072K), 3 survivors (3072K)
 Metaspace       used 10159K, capacity 10330K, committed 10624K, reserved 526336K
  class space    used 1027K, capacity 1107K, committed 1152K, reserved 516096K
}
Event: 142.824 GC heap before
{Heap before GC invocations=1 (full 0):
 garbage-first heap   total 262144K, used 104784K [0x0000000080000000, 0x0000000100000000)
  region size 1024K, 95 young (97280K), 3 survivors (3072K)
 Metaspace       used 20737K, capacity 21147K, committed 21296K, reserved 536576K
  class space    used 2460K, capacity 2612K, committed 2688K, reserved 516096K
}
Event: 143.404 GC heap after
{Heap after GC invocations=2 (full 0):
 garbage-first heap   total 262144K, used 18150K [0x0000000080000000, 0x0000000100000000)
  region size 1024K, 11 young (11264K), 11 survivors (11264K)
 Metaspace       used 20737K, capacity 21147K, committed 21296K, reserved 536576K
  class space    used 2460K, capacity 2612K, committed 2688K, reserved 516096K
}
Event: 144.841 GC heap before
{Heap before GC invocations=3 (full 0):
 garbage-first heap   total 262144K, used 19174K [0x0000000080000000, 0x0000000100000000)
  region size 1024K, 12 young (12288K), 11 survivors (11264K)
 Metaspace       used 20835K, capacity 21264K, committed 21552K, reserved 536576K
  class space    used 2482K, capacity 2652K, committed 2688K, reserved 516096K
}
Event: 144.852 GC heap after
{Heap after GC invocations=4 (full 0):
 garbage-first heap   total 262144K, used 18564K [0x0000000080000000, 0x0000000100000000)
  region size 1024K, 1 young (1024K), 1 survivors (1024K)
 Metaspace       used 20835K, capacity 21264K, committed 21552K, reserved 536576K
  class space    used 2482K, capacity 2652K, committed 2688K, reserved 516096K
}
Event: 175.639 GC heap before
{Heap before GC invocations=4 (full 0):
 garbage-first heap   total 262144K, used 29828K [0x0000000080000000, 0x0000000100000000)
  region size 1024K, 12 young (12288K), 1 survivors (1024K)
 Metaspace       used 22065K, capacity 22578K, committed 22832K, reserved 536576K
  class space    used 2654K, capacity 2855K, committed 2944K, reserved 516096K
}
Event: 175.668 GC heap after
{Heap after GC invocations=5 (full 0):
 garbage-first heap   total 262144K, used 18364K [0x0000000080000000, 0x0000000100000000)
  region size 1024K, 1 young (1024K), 1 survivors (1024K)
 Metaspace       used 22065K, capacity 22578K, committed 22832K, reserved 536576K
  class space    used 2654K, capacity 2855K, committed 2944K, reserved 516096K
}
Event: 194.507 GC heap before
{Heap before GC invocations=5 (full 0):
 garbage-first heap   total 262144K, used 54204K [0x0000000080000000, 0x0000000100000000)
  region size 1024K, 36 young (36864K), 1 survivors (1024K)
 Metaspace       used 24927K, capacity 25529K, committed 25648K, reserved 538624K
  class space    used 3118K, capacity 3351K, committed 3456K, reserved 516096K
}
Event: 194.509 GC heap after
{Heap after GC invocations=6 (full 0):
 garbage-first heap   total 262144K, used 19613K [0x0000000080000000, 0x0000000100000000)
  region size 1024K, 2 young (2048K), 2 survivors (2048K)
 Metaspace       used 24927K, capacity 25529K, committed 25648K, reserved 538624K
  class space    used 3118K, capacity 3351K, committed 3456K, reserved 516096K
}
Event: 220.508 GC heap before
{Heap before GC invocations=6 (full 0):
 garbage-first heap   total 262144K, used 101533K [0x0000000080000000, 0x0000000100000000)
  region size 1024K, 83 young (84992K), 2 survivors (2048K)
 Metaspace       used 34996K, capacity 35796K, committed 35920K, reserved 548864K
  class space    used 4442K, capacity 4781K, committed 4864K, reserved 516096K
}
Event: 220.546 GC heap after
{Heap after GC invocations=7 (full 0):
 garbage-first heap   total 262144K, used 23518K [0x0000000080000000, 0x0000000100000000)
  region size 1024K, 6 young (6144K), 6 survivors (6144K)
 Metaspace       used 34996K, capacity 35796K, committed 35920K, reserved 548864K
  class space    used 4442K, capacity 4781K, committed 4864K, reserved 516096K
}

