# JRE version: OpenJDK Runtime Environment Microsoft-7208460 (11.0.18+10) (build 11.0.18+10-LTS)
# Java VM: OpenJDK 64-Bit Server VM Microsoft-7208460 (11.0.18+10-LTS, mixed mode, tiered, compressed oops, g1 gc, windows-amd64)
Heap:
 garbage-first heap   total 262144K, used 112642K [0x0000000080000000, 0x0000000100000000)
  region size 1024K, 92 young (94208K), 6 survivors (6144K)
 Metaspace       used 41735K, capacity 42819K, committed 42832K, reserved 555008K
  class space    used 5214K, capacity 5625K, committed 5632K, reserved 516096K
GC Heap History (12 events):
Event: 40.025 GC heap before
{Heap before GC invocations=0 (full 0):
 garbage-first heap   total 262144K, used 27648K [0x0000000080000000, 0x0000000100000000)
  region size 1024K, 24 young (24576K), 0 survivors (0K)
 Metaspace       used 10121K, capacity 10334K, committed 10624K, reserved 526336K
  class space    used 1020K, capacity 1107K, committed 1152K, reserved 516096K
}
Event: 40.084 GC heap after
{Heap after GC invocations=1 (full 0):
 garbage-first heap   total 262144K, used 10570K [0x0000000080000000, 0x0000000100000000)
  region size 1024K, 3 young (3072K), 3 survivors (3072K)
 Metaspace       used 10121K, capacity 10334K, committed 10624K, reserved 526336K
  class space    used 1020K, capacity 1107K, committed 1152K, reserved 516096K
}
Event: 142.840 GC heap before
{Heap before GC invocations=1 (full 0):
 garbage-first heap   total 262144K, used 103754K [0x0000000080000000, 0x0000000100000000)
  region size 1024K, 95 young (97280K), 3 survivors (3072K)
 Metaspace       used 20813K, capacity 21160K, committed 21296K, reserved 536576K
  class space    used 2472K, capacity 2615K, committed 2688K, reserved 516096K
}
Event: 143.397 GC heap after
{Heap after GC invocations=2 (full 0):
 garbage-first heap   total 262144K, used 18109K [0x0000000080000000, 0x0000000100000000)
  region size 1024K, 11 young (11264K), 11 survivors (11264K)
 Metaspace       used 20813K, capacity 21160K, committed 21296K, reserved 536576K
  class space    used 2472K, capacity 2615K, committed 2688K, reserved 516096K
}
Event: 144.915 GC heap before
{Heap before GC invocations=3 (full 0):
 garbage-first heap   total 262144K, used 19133K [0x0000000080000000, 0x0000000100000000)
  region size 1024K, 12 young (12288K), 11 survivors (11264K)
 Metaspace       used 20911K, capacity 21332K, committed 21552K, reserved 536576K
  class space    used 2490K, capacity 2652K, committed 2688K, reserved 516096K
}
Event: 144.921 GC heap after
{Heap after GC invocations=4 (full 0):
 garbage-first heap   total 262144K, used 18613K [0x0000000080000000, 0x0000000100000000)
  region size 1024K, 1 young (1024K), 1 survivors (1024K)
 Metaspace       used 20911K, capacity 21332K, committed 21552K, reserved 536576K
  class space    used 2490K, capacity 2652K, committed 2688K, reserved 516096K
}
Event: 175.815 GC heap before
{Heap before GC invocations=4 (full 0):
 garbage-first heap   total 262144K, used 29877K [0x0000000080000000, 0x0000000100000000)
  region size 1024K, 12 young (12288K), 1 survivors (1024K)
 Metaspace       used 22086K, capacity 22579K, committed 22832K, reserved 536576K
  class space    used 2657K, capacity 2854K, committed 2944K, reserved 516096K
}
Event: 175.820 GC heap after
{Heap after GC invocations=5 (full 0):
 garbage-first heap   total 262144K, used 18356K [0x0000000080000000, 0x0000000100000000)
  region size 1024K, 1 young (1024K), 1 survivors (1024K)
 Metaspace       used 22086K, capacity 22579K, committed 22832K, reserved 536576K
  class space    used 2657K, capacity 2854K, committed 2944K, reserved 516096K
}
Event: 201.801 GC heap before
{Heap before GC invocations=5 (full 0):
 garbage-first heap   total 262144K, used 72628K [0x0000000080000000, 0x0000000100000000)
  region size 1024K, 54 young (55296K), 1 survivors (1024K)
 Metaspace       used 27434K, capacity 28092K, committed 28336K, reserved 540672K
  class space    used 3494K, capacity 3742K, committed 3840K, reserved 516096K
}
Event: 201.804 GC heap after
{Heap after GC invocations=6 (full 0):
 garbage-first heap   total 262144K, used 20864K [0x0000000080000000, 0x0000000100000000)
  region size 1024K, 3 young (3072K), 3 survivors (3072K)
 Metaspace       used 27434K, capacity 28092K, committed 28336K, reserved 540672K
  class space    used 3494K, capacity 3742K, committed 3840K, reserved 516096K
}
Event: 220.528 GC heap before
{Heap before GC invocations=6 (full 0):
 garbage-first heap   total 262144K, used 82304K [0x0000000080000000, 0x0000000100000000)
  region size 1024K, 64 young (65536K), 3 survivors (3072K)
 Metaspace       used 35009K, capacity 35801K, committed 35920K, reserved 548864K
  class space    used 4440K, capacity 4781K, committed 4864K, reserved 516096K
}
Event: 220.573 GC heap after
{Heap after GC invocations=7 (full 0):
 garbage-first heap   total 262144K, used 23554K [0x0000000080000000, 0x0000000100000000)
  region size 1024K, 6 young (6144K), 6 survivors (6144K)
 Metaspace       used 35009K, capacity 35801K, committed 35920K, reserved 548864K
  class space    used 4440K, capacity 4781K, committed 4864K, reserved 516096K
}

