# JRE version: OpenJDK Runtime Environment Microsoft-7208460 (11.0.18+10) (build 11.0.18+10-LTS)
# Java VM: OpenJDK 64-Bit Server VM Microsoft-7208460 (11.0.18+10-LTS, mixed mode, tiered, compressed oops, g1 gc, windows-amd64)
Heap:
 garbage-first heap   total 262144K, used 112675K [0x0000000080000000, 0x0000000100000000)
  region size 1024K, 92 young (94208K), 6 survivors (6144K)
 Metaspace       used 41753K, capacity 42819K, committed 42832K, reserved 555008K
  class space    used 5213K, capacity 5625K, committed 5632K, reserved 516096K
GC Heap History (14 events):
Event: 39.924 GC heap before
{Heap before GC invocations=0 (full 0):
 garbage-first heap   total 262144K, used 27648K [0x0000000080000000, 0x0000000100000000)
  region size 1024K, 24 young (24576K), 0 survivors (0K)
 Metaspace       used 10097K, capacity 10334K, committed 10624K, reserved 526336K
  class space    used 1020K, capacity 1107K, committed 1152K, reserved 516096K
}
Event: 39.936 GC heap after
{Heap after GC invocations=1 (full 0):
 garbage-first heap   total 262144K, used 10429K [0x0000000080000000, 0x0000000100000000)
  region size 1024K, 3 young (3072K), 3 survivors (3072K)
 Metaspace       used 10097K, capacity 10334K, committed 10624K, reserved 526336K
  class space    used 1020K, capacity 1107K, committed 1152K, reserved 516096K
}
Event: 142.855 GC heap before
{Heap before GC invocations=1 (full 0):
 garbage-first heap   total 262144K, used 105661K [0x0000000080000000, 0x0000000100000000)
  region size 1024K, 96 young (98304K), 3 survivors (3072K)
 Metaspace       used 20809K, capacity 21160K, committed 21296K, reserved 536576K
  class space    used 2472K, capacity 2615K, committed 2688K, reserved 516096K
}
Event: 143.427 GC heap after
{Heap after GC invocations=2 (full 0):
 garbage-first heap   total 262144K, used 17988K [0x0000000080000000, 0x0000000100000000)
  region size 1024K, 11 young (11264K), 11 survivors (11264K)
 Metaspace       used 20809K, capacity 21160K, committed 21296K, reserved 536576K
  class space    used 2472K, capacity 2615K, committed 2688K, reserved 516096K
}
Event: 144.895 GC heap before
{Heap before GC invocations=3 (full 0):
 garbage-first heap   total 262144K, used 19012K [0x0000000080000000, 0x0000000100000000)
  region size 1024K, 12 young (12288K), 11 survivors (11264K)
 Metaspace       used 20906K, capacity 21332K, committed 21552K, reserved 536576K
  class space    used 2490K, capacity 2652K, committed 2688K, reserved 516096K
}
Event: 144.905 GC heap after
{Heap after GC invocations=4 (full 0):
 garbage-first heap   total 262144K, used 18780K [0x0000000080000000, 0x0000000100000000)
  region size 1024K, 1 young (1024K), 1 survivors (1024K)
 Metaspace       used 20906K, capacity 21332K, committed 21552K, reserved 536576K
  class space    used 2490K, capacity 2652K, committed 2688K, reserved 516096K
}
Event: 175.857 GC heap before
{Heap before GC invocations=4 (full 0):
 garbage-first heap   total 262144K, used 30044K [0x0000000080000000, 0x0000000100000000)
  region size 1024K, 12 young (12288K), 1 survivors (1024K)
 Metaspace       used 22076K, capacity 22582K, committed 22832K, reserved 536576K
  class space    used 2657K, capacity 2855K, committed 2944K, reserved 516096K
}
Event: 175.858 GC heap after
{Heap after GC invocations=5 (full 0):
 garbage-first heap   total 262144K, used 18335K [0x0000000080000000, 0x0000000100000000)
  region size 1024K, 1 young (1024K), 1 survivors (1024K)
 Metaspace       used 22076K, capacity 22582K, committed 22832K, reserved 536576K
  class space    used 2657K, capacity 2855K, committed 2944K, reserved 516096K
}
Event: 189.969 GC heap before
{Heap before GC invocations=5 (full 0):
 garbage-first heap   total 262144K, used 40863K [0x0000000080000000, 0x0000000100000000)
  region size 1024K, 23 young (23552K), 1 survivors (1024K)
 Metaspace       used 24087K, capacity 24646K, committed 25008K, reserved 538624K
  class space    used 2983K, capacity 3205K, committed 3328K, reserved 516096K
}
Event: 189.971 GC heap after
{Heap after GC invocations=6 (full 0):
 garbage-first heap   total 262144K, used 18988K [0x0000000080000000, 0x0000000100000000)
  region size 1024K, 2 young (2048K), 2 survivors (2048K)
 Metaspace       used 24087K, capacity 24646K, committed 25008K, reserved 538624K
  class space    used 2983K, capacity 3205K, committed 3328K, reserved 516096K
}
Event: 214.305 GC heap before
{Heap before GC invocations=6 (full 0):
 garbage-first heap   total 262144K, used 96812K [0x0000000080000000, 0x0000000100000000)
  region size 1024K, 78 young (79872K), 2 survivors (2048K)
 Metaspace       used 31079K, capacity 31877K, committed 32048K, reserved 544768K
  class space    used 4058K, capacity 4364K, committed 4480K, reserved 516096K
}
Event: 214.309 GC heap after
{Heap after GC invocations=7 (full 0):
 garbage-first heap   total 262144K, used 21592K [0x0000000080000000, 0x0000000100000000)
  region size 1024K, 4 young (4096K), 4 survivors (4096K)
 Metaspace       used 31079K, capacity 31877K, committed 32048K, reserved 544768K
  class space    used 4058K, capacity 4364K, committed 4480K, reserved 516096K
}
Event: 220.653 GC heap before
{Heap before GC invocations=7 (full 0):
 garbage-first heap   total 262144K, used 41048K [0x0000000080000000, 0x0000000100000000)
  region size 1024K, 24 young (24576K), 4 survivors (4096K)
 Metaspace       used 35013K, capacity 35801K, committed 35920K, reserved 548864K
  class space    used 4440K, capacity 4781K, committed 4864K, reserved 516096K
}
Event: 220.672 GC heap after
{Heap after GC invocations=8 (full 0):
 garbage-first heap   total 262144K, used 23587K [0x0000000080000000, 0x0000000100000000)
  region size 1024K, 6 young (6144K), 6 survivors (6144K)
 Metaspace       used 35013K, capacity 35801K, committed 35920K, reserved 548864K
  class space    used 4440K, capacity 4781K, committed 4864K, reserved 516096K
}

